<?xml version="1.0" encoding="UTF-8" standalone="no"?>
<!DOCTYPE log SYSTEM "logger.dtd">
<log>
<record>
  <date>2018-12-05T11:45:28</date>
  <millis>1543990528509</millis>
  <sequence>0</sequence>
  <level>START</level>
  <class>com.kms.katalon.core.logging.XmlKeywordLogger</class>
  <method>startSuite</method>
  <thread>1</thread>
  <message>Start Test Suite : Test Suites/UserRestServices/Calculator</message>
  <nestedLevel>0</nestedLevel>
  <property name="name">Calculator</property>
  <property name="description"></property>
  <property name="id">Test Suites/UserRestServices/Calculator</property>
</record>
<record>
  <date>2018-12-05T11:45:28</date>
  <millis>1543990528536</millis>
  <sequence>1</sequence>
  <level>RUN_DATA</level>
  <class>com.kms.katalon.core.logging.XmlKeywordLogger</class>
  <method>logMessage</method>
  <thread>1</thread>
  <message>hostName = kuldeepr - SDD-QA</message>
  <nestedLevel>0</nestedLevel>
  <property name="hostName">kuldeepr - SDD-QA</property>
</record>
<record>
  <date>2018-12-05T11:45:28</date>
  <millis>1543990528539</millis>
  <sequence>2</sequence>
  <level>RUN_DATA</level>
  <class>com.kms.katalon.core.logging.XmlKeywordLogger</class>
  <method>logMessage</method>
  <thread>1</thread>
  <message>os = Windows 8 64bit</message>
  <nestedLevel>0</nestedLevel>
  <property name="os">Windows 8 64bit</property>
</record>
<record>
  <date>2018-12-05T11:45:28</date>
  <millis>1543990528540</millis>
  <sequence>3</sequence>
  <level>RUN_DATA</level>
  <class>com.kms.katalon.core.logging.XmlKeywordLogger</class>
  <method>logMessage</method>
  <thread>1</thread>
  <message>hostAddress = 192.168.0.212</message>
  <nestedLevel>0</nestedLevel>
  <property name="hostAddress">192.168.0.212</property>
</record>
<record>
  <date>2018-12-05T11:45:28</date>
  <millis>1543990528600</millis>
  <sequence>4</sequence>
  <level>RUN_DATA</level>
  <class>com.kms.katalon.core.logging.XmlKeywordLogger</class>
  <method>logMessage</method>
  <thread>1</thread>
  <message>katalonVersion = 5.9.0.1</message>
  <nestedLevel>0</nestedLevel>
  <property name="katalonVersion">5.9.0.1</property>
</record>
<record>
  <date>2018-12-05T11:45:29</date>
  <millis>1543990529169</millis>
  <sequence>5</sequence>
  <level>START</level>
  <class>com.kms.katalon.core.logging.XmlKeywordLogger</class>
  <method>startTest</method>
  <thread>1</thread>
  <message>Start Test Case : Test Cases/Calculator_Test/Addition</message>
  <nestedLevel>1</nestedLevel>
  <property name="name">Test Cases/Calculator_Test/Addition</property>
  <property name="description"></property>
  <property name="id">Test Cases/Calculator_Test/Addition</property>
  <property name="source">C:\\Users\\kuldeepr\\Desktop\\Code\\Sample_API_Demo\\sample_demo\\Test Cases\\Calculator_Test\\Addition.tc</property>
  <property name="isOptional">false</property>
</record>
<record>
  <date>2018-12-05T11:45:29</date>
  <millis>1543990529712</millis>
  <sequence>7</sequence>
  <level>START</level>
  <class>com.kms.katalon.core.logging.XmlKeywordLogger</class>
  <method>startKeyword</method>
  <thread>1</thread>
  <message>Start action : response = sendRequestAndVerify(findTestObject(\&amp;quot;Calculator_WebService/Addition\&amp;quot;))</message>
  <nestedLevel>1</nestedLevel>
  <property name="startLine">16</property>
  <property name="stepIndex">1</property>
</record>
<record>
  <date>2018-12-05T11:45:35</date>
  <millis>1543990535059</millis>
  <sequence>12</sequence>
  <level>START</level>
  <class>com.kms.katalon.core.logging.XmlKeywordLogger</class>
  <method>startTest</method>
  <thread>1</thread>
  <message>Start Test Case : Verification</message>
  <nestedLevel>2</nestedLevel>
</record>
<record>
  <date>2018-12-05T11:45:35</date>
  <millis>1543990535367</millis>
  <sequence>13</sequence>
  <level>START</level>
  <class>com.kms.katalon.core.logging.XmlKeywordLogger</class>
  <method>startKeyword</method>
  <thread>1</thread>
  <message>Start action : request = getInstance().getCurrentRequest()</message>
  <nestedLevel>1</nestedLevel>
  <property name="startLine">11</property>
  <property name="stepIndex">1</property>
</record>
<record>
  <date>2018-12-05T11:45:35</date>
  <millis>1543990535422</millis>
  <sequence>14</sequence>
  <level>END</level>
  <class>com.kms.katalon.core.logging.XmlKeywordLogger</class>
  <method>endKeyword</method>
  <thread>1</thread>
  <message>End action : request = getInstance().getCurrentRequest()</message>
  <nestedLevel>1</nestedLevel>
</record>
<record>
  <date>2018-12-05T11:45:35</date>
  <millis>1543990535423</millis>
  <sequence>15</sequence>
  <level>START</level>
  <class>com.kms.katalon.core.logging.XmlKeywordLogger</class>
  <method>startKeyword</method>
  <thread>1</thread>
  <message>Start action : response = getInstance().getCurrentResponse()</message>
  <nestedLevel>1</nestedLevel>
  <property name="startLine">13</property>
  <property name="stepIndex">2</property>
</record>
<record>
  <date>2018-12-05T11:45:35</date>
  <millis>1543990535427</millis>
  <sequence>16</sequence>
  <level>END</level>
  <class>com.kms.katalon.core.logging.XmlKeywordLogger</class>
  <method>endKeyword</method>
  <thread>1</thread>
  <message>End action : response = getInstance().getCurrentResponse()</message>
  <nestedLevel>1</nestedLevel>
</record>
<record>
  <date>2018-12-05T11:45:35</date>
  <millis>1543990535428</millis>
  <sequence>17</sequence>
  <level>START</level>
  <class>com.kms.katalon.core.logging.XmlKeywordLogger</class>
  <method>startKeyword</method>
  <thread>1</thread>
  <message>Start action : verifyResponseStatusCode(response, 200)</message>
  <nestedLevel>1</nestedLevel>
  <property name="startLine">17</property>
  <property name="stepIndex">3</property>
</record>
<record>
  <date>2018-12-05T11:45:35</date>
  <millis>1543990535534</millis>
  <sequence>19</sequence>
  <level>PASSED</level>
  <class>com.kms.katalon.core.logging.XmlKeywordLogger</class>
  <method>logMessage</method>
  <thread>1</thread>
  <message>Verify response status code successfully</message>
  <nestedLevel>2</nestedLevel>
</record>
<record>
  <date>2018-12-05T11:45:35</date>
  <millis>1543990535546</millis>
  <sequence>20</sequence>
  <level>END</level>
  <class>com.kms.katalon.core.logging.XmlKeywordLogger</class>
  <method>endKeyword</method>
  <thread>1</thread>
  <message>End action : verifyResponseStatusCode(response, 200)</message>
  <nestedLevel>1</nestedLevel>
</record>
<record>
  <date>2018-12-05T11:45:35</date>
  <millis>1543990535547</millis>
  <sequence>21</sequence>
  <level>START</level>
  <class>com.kms.katalon.core.logging.XmlKeywordLogger</class>
  <method>startKeyword</method>
  <thread>1</thread>
  <message>Start action : getStatusCode()).isEqualTo(200)</message>
  <nestedLevel>1</nestedLevel>
  <property name="startLine">19</property>
  <property name="stepIndex">4</property>
</record>
<record>
  <date>2018-12-05T11:45:35</date>
  <millis>1543990535720</millis>
  <sequence>22</sequence>
  <level>END</level>
  <class>com.kms.katalon.core.logging.XmlKeywordLogger</class>
  <method>endKeyword</method>
  <thread>1</thread>
  <message>End action : getStatusCode()).isEqualTo(200)</message>
  <nestedLevel>1</nestedLevel>
</record>
<record>
  <date>2018-12-05T11:45:35</date>
  <millis>1543990535720</millis>
  <sequence>23</sequence>
  <level>START</level>
  <class>com.kms.katalon.core.logging.XmlKeywordLogger</class>
  <method>startKeyword</method>
  <thread>1</thread>
  <message>Start action : getResponseText()).contains(\&amp;quot;AddResult\&amp;quot;)</message>
  <nestedLevel>1</nestedLevel>
  <property name="startLine">22</property>
  <property name="stepIndex">5</property>
</record>
<record>
  <date>2018-12-05T11:45:35</date>
  <millis>1543990535865</millis>
  <sequence>24</sequence>
  <level>END</level>
  <class>com.kms.katalon.core.logging.XmlKeywordLogger</class>
  <method>endKeyword</method>
  <thread>1</thread>
  <message>End action : getResponseText()).contains(\&amp;quot;AddResult\&amp;quot;)</message>
  <nestedLevel>1</nestedLevel>
</record>
<record>
  <date>2018-12-05T11:45:35</date>
  <millis>1543990535866</millis>
  <sequence>25</sequence>
  <level>PASSED</level>
  <class>com.kms.katalon.core.logging.XmlKeywordLogger</class>
  <method>logMessage</method>
  <thread>1</thread>
  <message>Verification accomplished successfully</message>
  <nestedLevel>2</nestedLevel>
</record>
<record>
  <date>2018-12-05T11:45:35</date>
  <millis>1543990535866</millis>
  <sequence>26</sequence>
  <level>END</level>
  <class>com.kms.katalon.core.logging.XmlKeywordLogger</class>
  <method>endTest</method>
  <thread>1</thread>
  <message>End Test Case : Verification</message>
  <nestedLevel>1</nestedLevel>
</record>
<record>
  <date>2018-12-05T11:45:35</date>
  <millis>1543990535914</millis>
  <sequence>27</sequence>
  <level>PASSED</level>
  <class>com.kms.katalon.core.logging.XmlKeywordLogger</class>
  <method>logMessage</method>
  <thread>1</thread>
  <message>Verify response successfully</message>
  <nestedLevel>1</nestedLevel>
</record>
<record>
  <date>2018-12-05T11:45:35</date>
  <millis>1543990535914</millis>
  <sequence>28</sequence>
  <level>PASSED</level>
  <class>com.kms.katalon.core.logging.XmlKeywordLogger</class>
  <method>logMessage</method>
  <thread>1</thread>
  <message>Send request and verify the response successfully</message>
  <nestedLevel>1</nestedLevel>
</record>
<record>
  <date>2018-12-05T11:45:35</date>
  <millis>1543990535915</millis>
  <sequence>29</sequence>
  <level>END</level>
  <class>com.kms.katalon.core.logging.XmlKeywordLogger</class>
  <method>endKeyword</method>
  <thread>1</thread>
  <message>End action : response = sendRequestAndVerify(findTestObject(\&amp;quot;Calculator_WebService/Addition\&amp;quot;))</message>
  <nestedLevel>1</nestedLevel>
</record>
<record>
  <date>2018-12-05T11:45:35</date>
  <millis>1543990535915</millis>
  <sequence>30</sequence>
  <level>START</level>
  <class>com.kms.katalon.core.logging.XmlKeywordLogger</class>
  <method>startKeyword</method>
  <thread>1</thread>
  <message>Start action : verifyElementPropertyValue(response, \&amp;quot;AddResponse.AddResult\&amp;quot;, 6)</message>
  <nestedLevel>1</nestedLevel>
  <property name="startLine">18</property>
  <property name="stepIndex">2</property>
</record>
<record>
  <date>2018-12-05T11:45:36</date>
  <millis>1543990536492</millis>
  <sequence>32</sequence>
  <level>PASSED</level>
  <class>com.kms.katalon.core.logging.XmlKeywordLogger</class>
  <method>logMessage</method>
  <thread>1</thread>
  <message>Verify element property value successfully</message>
  <nestedLevel>1</nestedLevel>
</record>
<record>
  <date>2018-12-05T11:45:36</date>
  <millis>1543990536500</millis>
  <sequence>33</sequence>
  <level>END</level>
  <class>com.kms.katalon.core.logging.XmlKeywordLogger</class>
  <method>endKeyword</method>
  <thread>1</thread>
  <message>End action : verifyElementPropertyValue(response, \&amp;quot;AddResponse.AddResult\&amp;quot;, 6)</message>
  <nestedLevel>1</nestedLevel>
</record>
<record>
  <date>2018-12-05T11:45:36</date>
  <millis>1543990536500</millis>
  <sequence>34</sequence>
  <level>PASSED</level>
  <class>com.kms.katalon.core.logging.XmlKeywordLogger</class>
  <method>logMessage</method>
  <thread>1</thread>
  <message>Test Cases/Calculator_Test/Addition</message>
  <nestedLevel>1</nestedLevel>
</record>
<record>
  <date>2018-12-05T11:45:36</date>
  <millis>1543990536514</millis>
  <sequence>35</sequence>
  <level>END</level>
  <class>com.kms.katalon.core.logging.XmlKeywordLogger</class>
  <method>endTest</method>
  <thread>1</thread>
  <message>End Test Case : Test Cases/Calculator_Test/Addition</message>
  <nestedLevel>0</nestedLevel>
</record>
<record>
  <date>2018-12-05T11:45:36</date>
  <millis>1543990536550</millis>
  <sequence>36</sequence>
  <level>START</level>
  <class>com.kms.katalon.core.logging.XmlKeywordLogger</class>
  <method>startTest</method>
  <thread>1</thread>
  <message>Start Test Case : Test Cases/Calculator_Test/Divide</message>
  <nestedLevel>1</nestedLevel>
  <property name="name">Test Cases/Calculator_Test/Divide</property>
  <property name="description"></property>
  <property name="id">Test Cases/Calculator_Test/Divide</property>
  <property name="source">C:\\Users\\kuldeepr\\Desktop\\Code\\Sample_API_Demo\\sample_demo\\Test Cases\\Calculator_Test\\Divide.tc</property>
  <property name="isOptional">false</property>
</record>
<record>
  <date>2018-12-05T11:45:36</date>
  <millis>1543990536844</millis>
  <sequence>38</sequence>
  <level>START</level>
  <class>com.kms.katalon.core.logging.XmlKeywordLogger</class>
  <method>startKeyword</method>
  <thread>1</thread>
  <message>Start action : sendRequest(findTestObject(\&amp;quot;Calculator_WebService/Divide\&amp;quot;))</message>
  <nestedLevel>1</nestedLevel>
  <property name="startLine">16</property>
  <property name="stepIndex">1</property>
</record>
<record>
  <date>2018-12-05T11:45:39</date>
  <millis>1543990539769</millis>
  <sequence>42</sequence>
  <level>INFO</level>
  <class>com.kms.katalon.core.logging.XmlKeywordLogger</class>
  <method>logMessage</method>
  <thread>1</thread>
  <message>HAR: C:\\Users\\kuldeepr\\Desktop\\Code\\Sample_API_Demo\\sample_demo\\Reports\\UserRestServices\\Calculator\\20181205_114524\\requests\\main\\0.har</message>
  <nestedLevel>1</nestedLevel>
  <property name="harId">fcb06958-ee7b-4ffd-8698-6862843e7213</property>
</record>
<record>
  <date>2018-12-05T11:45:40</date>
  <millis>1543990540000</millis>
  <sequence>43</sequence>
  <level>PASSED</level>
  <class>com.kms.katalon.core.logging.XmlKeywordLogger</class>
  <method>logMessage</method>
  <thread>1</thread>
  <message>Send request successfully</message>
  <nestedLevel>1</nestedLevel>
</record>
<record>
  <date>2018-12-05T11:45:40</date>
  <millis>1543990540004</millis>
  <sequence>44</sequence>
  <level>END</level>
  <class>com.kms.katalon.core.logging.XmlKeywordLogger</class>
  <method>endKeyword</method>
  <thread>1</thread>
  <message>End action : sendRequest(findTestObject(\&amp;quot;Calculator_WebService/Divide\&amp;quot;))</message>
  <nestedLevel>1</nestedLevel>
</record>
<record>
  <date>2018-12-05T11:45:40</date>
  <millis>1543990540004</millis>
  <sequence>45</sequence>
  <level>PASSED</level>
  <class>com.kms.katalon.core.logging.XmlKeywordLogger</class>
  <method>logMessage</method>
  <thread>1</thread>
  <message>Test Cases/Calculator_Test/Divide</message>
  <nestedLevel>1</nestedLevel>
</record>
<record>
  <date>2018-12-05T11:45:40</date>
  <millis>1543990540006</millis>
  <sequence>46</sequence>
  <level>END</level>
  <class>com.kms.katalon.core.logging.XmlKeywordLogger</class>
  <method>endTest</method>
  <thread>1</thread>
  <message>End Test Case : Test Cases/Calculator_Test/Divide</message>
  <nestedLevel>0</nestedLevel>
</record>
<record>
  <date>2018-12-05T11:45:40</date>
  <millis>1543990540011</millis>
  <sequence>47</sequence>
  <level>START</level>
  <class>com.kms.katalon.core.logging.XmlKeywordLogger</class>
  <method>startTest</method>
  <thread>1</thread>
  <message>Start Test Case : Test Cases/Calculator_Test/Mulitple</message>
  <nestedLevel>1</nestedLevel>
  <property name="name">Test Cases/Calculator_Test/Mulitple</property>
  <property name="description"></property>
  <property name="id">Test Cases/Calculator_Test/Mulitple</property>
  <property name="source">C:\\Users\\kuldeepr\\Desktop\\Code\\Sample_API_Demo\\sample_demo\\Test Cases\\Calculator_Test\\Mulitple.tc</property>
  <property name="isOptional">false</property>
</record>
<record>
  <date>2018-12-05T11:45:40</date>
  <millis>1543990540353</millis>
  <sequence>49</sequence>
  <level>START</level>
  <class>com.kms.katalon.core.logging.XmlKeywordLogger</class>
  <method>startKeyword</method>
  <thread>1</thread>
  <message>Start action : sendRequest(findTestObject(\&amp;quot;Calculator_WebService/Mulitply\&amp;quot;))</message>
  <nestedLevel>1</nestedLevel>
  <property name="startLine">16</property>
  <property name="stepIndex">1</property>
</record>
<record>
  <date>2018-12-05T11:45:43</date>
  <millis>1543990543275</millis>
  <sequence>53</sequence>
  <level>INFO</level>
  <class>com.kms.katalon.core.logging.XmlKeywordLogger</class>
  <method>logMessage</method>
  <thread>1</thread>
  <message>HAR: C:\\Users\\kuldeepr\\Desktop\\Code\\Sample_API_Demo\\sample_demo\\Reports\\UserRestServices\\Calculator\\20181205_114524\\requests\\main\\1.har</message>
  <nestedLevel>1</nestedLevel>
  <property name="harId">045ecd00-c756-427f-946d-c00e50409097</property>
</record>
<record>
  <date>2018-12-05T11:45:43</date>
  <millis>1543990543295</millis>
  <sequence>54</sequence>
  <level>PASSED</level>
  <class>com.kms.katalon.core.logging.XmlKeywordLogger</class>
  <method>logMessage</method>
  <thread>1</thread>
  <message>Send request successfully</message>
  <nestedLevel>1</nestedLevel>
</record>
<record>
  <date>2018-12-05T11:45:43</date>
  <millis>1543990543296</millis>
  <sequence>55</sequence>
  <level>END</level>
  <class>com.kms.katalon.core.logging.XmlKeywordLogger</class>
  <method>endKeyword</method>
  <thread>1</thread>
  <message>End action : sendRequest(findTestObject(\&amp;quot;Calculator_WebService/Mulitply\&amp;quot;))</message>
  <nestedLevel>1</nestedLevel>
</record>
<record>
  <date>2018-12-05T11:45:43</date>
  <millis>1543990543296</millis>
  <sequence>56</sequence>
  <level>PASSED</level>
  <class>com.kms.katalon.core.logging.XmlKeywordLogger</class>
  <method>logMessage</method>
  <thread>1</thread>
  <message>Test Cases/Calculator_Test/Mulitple</message>
  <nestedLevel>1</nestedLevel>
</record>
<record>
  <date>2018-12-05T11:45:43</date>
  <millis>1543990543297</millis>
  <sequence>57</sequence>
  <level>END</level>
  <class>com.kms.katalon.core.logging.XmlKeywordLogger</class>
  <method>endTest</method>
  <thread>1</thread>
  <message>End Test Case : Test Cases/Calculator_Test/Mulitple</message>
  <nestedLevel>0</nestedLevel>
</record>
<record>
  <date>2018-12-05T11:45:43</date>
  <millis>1543990543312</millis>
  <sequence>58</sequence>
  <level>START</level>
  <class>com.kms.katalon.core.logging.XmlKeywordLogger</class>
  <method>startTest</method>
  <thread>1</thread>
  <message>Start Test Case : Test Cases/Calculator_Test/Substract</message>
  <nestedLevel>1</nestedLevel>
  <property name="name">Test Cases/Calculator_Test/Substract</property>
  <property name="description"></property>
  <property name="id">Test Cases/Calculator_Test/Substract</property>
  <property name="source">C:\\Users\\kuldeepr\\Desktop\\Code\\Sample_API_Demo\\sample_demo\\Test Cases\\Calculator_Test\\Substract.tc</property>
  <property name="isOptional">false</property>
</record>
<record>
  <date>2018-12-05T11:45:43</date>
  <millis>1543990543569</millis>
  <sequence>60</sequence>
  <level>START</level>
  <class>com.kms.katalon.core.logging.XmlKeywordLogger</class>
  <method>startKeyword</method>
  <thread>1</thread>
  <message>Start action : sendRequest(findTestObject(\&amp;quot;Calculator_WebService/Substract\&amp;quot;))</message>
  <nestedLevel>1</nestedLevel>
  <property name="startLine">16</property>
  <property name="stepIndex">1</property>
</record>
<record>
  <date>2018-12-05T11:45:46</date>
  <millis>1543990546572</millis>
  <sequence>64</sequence>
  <level>INFO</level>
  <class>com.kms.katalon.core.logging.XmlKeywordLogger</class>
  <method>logMessage</method>
  <thread>1</thread>
  <message>HAR: C:\\Users\\kuldeepr\\Desktop\\Code\\Sample_API_Demo\\sample_demo\\Reports\\UserRestServices\\Calculator\\20181205_114524\\requests\\main\\2.har</message>
  <nestedLevel>1</nestedLevel>
  <property name="harId">03eb1c0a-53e6-47cc-8ab2-07fd4f7dd4ba</property>
</record>
<record>
  <date>2018-12-05T11:45:46</date>
  <millis>1543990546592</millis>
  <sequence>65</sequence>
  <level>PASSED</level>
  <class>com.kms.katalon.core.logging.XmlKeywordLogger</class>
  <method>logMessage</method>
  <thread>1</thread>
  <message>Send request successfully</message>
  <nestedLevel>1</nestedLevel>
</record>
<record>
  <date>2018-12-05T11:45:46</date>
  <millis>1543990546592</millis>
  <sequence>66</sequence>
  <level>END</level>
  <class>com.kms.katalon.core.logging.XmlKeywordLogger</class>
  <method>endKeyword</method>
  <thread>1</thread>
  <message>End action : sendRequest(findTestObject(\&amp;quot;Calculator_WebService/Substract\&amp;quot;))</message>
  <nestedLevel>1</nestedLevel>
</record>
<record>
  <date>2018-12-05T11:45:46</date>
  <millis>1543990546598</millis>
  <sequence>67</sequence>
  <level>PASSED</level>
  <class>com.kms.katalon.core.logging.XmlKeywordLogger</class>
  <method>logMessage</method>
  <thread>1</thread>
  <message>Test Cases/Calculator_Test/Substract</message>
  <nestedLevel>1</nestedLevel>
</record>
<record>
  <date>2018-12-05T11:45:46</date>
  <millis>1543990546599</millis>
  <sequence>68</sequence>
  <level>END</level>
  <class>com.kms.katalon.core.logging.XmlKeywordLogger</class>
  <method>endTest</method>
  <thread>1</thread>
  <message>End Test Case : Test Cases/Calculator_Test/Substract</message>
  <nestedLevel>0</nestedLevel>
</record>
<record>
  <date>2018-12-05T11:45:46</date>
  <millis>1543990546730</millis>
  <sequence>69</sequence>
  <level>END</level>
  <class>com.kms.katalon.core.logging.XmlKeywordLogger</class>
  <method>endSuite</method>
  <thread>1</thread>
  <message>End Test Suite : Test Suites/UserRestServices/Calculator</message>
  <nestedLevel>0</nestedLevel>
</record>
</log>