<?xml version="1.0" encoding="UTF-8" standalone="no"?>
<!DOCTYPE log SYSTEM "logger.dtd">
<log>
<record>
  <date>2018-12-12T10:30:20</date>
  <millis>1544590820795</millis>
  <sequence>0</sequence>
  <level>START</level>
  <class>com.kms.katalon.core.logging.XmlKeywordLogger</class>
  <method>startSuite</method>
  <thread>1</thread>
  <message>Start Test Suite : Test Suites/UserRestServices/Calculator</message>
  <nestedLevel>0</nestedLevel>
  <property name="name">Calculator</property>
  <property name="description"></property>
  <property name="id">Test Suites/UserRestServices/Calculator</property>
</record>
<record>
  <date>2018-12-12T10:30:20</date>
  <millis>1544590820819</millis>
  <sequence>1</sequence>
  <level>RUN_DATA</level>
  <class>com.kms.katalon.core.logging.XmlKeywordLogger</class>
  <method>logMessage</method>
  <thread>1</thread>
  <message>hostName = kuldeepr - SDD-QA</message>
  <nestedLevel>0</nestedLevel>
  <property name="hostName">kuldeepr - SDD-QA</property>
</record>
<record>
  <date>2018-12-12T10:30:20</date>
  <millis>1544590820820</millis>
  <sequence>2</sequence>
  <level>RUN_DATA</level>
  <class>com.kms.katalon.core.logging.XmlKeywordLogger</class>
  <method>logMessage</method>
  <thread>1</thread>
  <message>os = Windows 8 64bit</message>
  <nestedLevel>0</nestedLevel>
  <property name="os">Windows 8 64bit</property>
</record>
<record>
  <date>2018-12-12T10:30:20</date>
  <millis>1544590820821</millis>
  <sequence>3</sequence>
  <level>RUN_DATA</level>
  <class>com.kms.katalon.core.logging.XmlKeywordLogger</class>
  <method>logMessage</method>
  <thread>1</thread>
  <message>hostAddress = 192.168.0.27</message>
  <nestedLevel>0</nestedLevel>
  <property name="hostAddress">192.168.0.27</property>
</record>
<record>
  <date>2018-12-12T10:30:20</date>
  <millis>1544590820822</millis>
  <sequence>4</sequence>
  <level>RUN_DATA</level>
  <class>com.kms.katalon.core.logging.XmlKeywordLogger</class>
  <method>logMessage</method>
  <thread>1</thread>
  <message>katalonVersion = 5.9.0.1</message>
  <nestedLevel>0</nestedLevel>
  <property name="katalonVersion">5.9.0.1</property>
</record>
<record>
  <date>2018-12-12T10:30:21</date>
  <millis>1544590821368</millis>
  <sequence>5</sequence>
  <level>START</level>
  <class>com.kms.katalon.core.logging.XmlKeywordLogger</class>
  <method>startTest</method>
  <thread>1</thread>
  <message>Start Test Case : Test Cases/Calculator_Test/Addition</message>
  <nestedLevel>1</nestedLevel>
  <property name="name">Test Cases/Calculator_Test/Addition</property>
  <property name="description"></property>
  <property name="id">Test Cases/Calculator_Test/Addition</property>
  <property name="source">C:\\Users\\kuldeepr\\Desktop\\Code\\Sample_API_Demo\\sample_demo\\Test Cases\\Calculator_Test\\Addition.tc</property>
  <property name="isOptional">false</property>
</record>
<record>
  <date>2018-12-12T10:30:21</date>
  <millis>1544590821893</millis>
  <sequence>7</sequence>
  <level>START</level>
  <class>com.kms.katalon.core.logging.XmlKeywordLogger</class>
  <method>startKeyword</method>
  <thread>1</thread>
  <message>Start action : response = sendRequestAndVerify(findTestObject(\&amp;quot;Calculator_WebService/Addition\&amp;quot;))</message>
  <nestedLevel>1</nestedLevel>
  <property name="startLine">16</property>
  <property name="stepIndex">1</property>
</record>
<record>
  <date>2018-12-12T10:30:28</date>
  <millis>1544590828936</millis>
  <sequence>12</sequence>
  <level>START</level>
  <class>com.kms.katalon.core.logging.XmlKeywordLogger</class>
  <method>startTest</method>
  <thread>1</thread>
  <message>Start Test Case : Verification</message>
  <nestedLevel>2</nestedLevel>
</record>
<record>
  <date>2018-12-12T10:30:29</date>
  <millis>1544590829335</millis>
  <sequence>13</sequence>
  <level>START</level>
  <class>com.kms.katalon.core.logging.XmlKeywordLogger</class>
  <method>startKeyword</method>
  <thread>1</thread>
  <message>Start action : request = getInstance().getCurrentRequest()</message>
  <nestedLevel>1</nestedLevel>
  <property name="startLine">11</property>
  <property name="stepIndex">1</property>
</record>
<record>
  <date>2018-12-12T10:30:29</date>
  <millis>1544590829384</millis>
  <sequence>14</sequence>
  <level>END</level>
  <class>com.kms.katalon.core.logging.XmlKeywordLogger</class>
  <method>endKeyword</method>
  <thread>1</thread>
  <message>End action : request = getInstance().getCurrentRequest()</message>
  <nestedLevel>1</nestedLevel>
</record>
<record>
  <date>2018-12-12T10:30:29</date>
  <millis>1544590829384</millis>
  <sequence>15</sequence>
  <level>START</level>
  <class>com.kms.katalon.core.logging.XmlKeywordLogger</class>
  <method>startKeyword</method>
  <thread>1</thread>
  <message>Start action : response = getInstance().getCurrentResponse()</message>
  <nestedLevel>1</nestedLevel>
  <property name="startLine">13</property>
  <property name="stepIndex">2</property>
</record>
<record>
  <date>2018-12-12T10:30:29</date>
  <millis>1544590829408</millis>
  <sequence>16</sequence>
  <level>END</level>
  <class>com.kms.katalon.core.logging.XmlKeywordLogger</class>
  <method>endKeyword</method>
  <thread>1</thread>
  <message>End action : response = getInstance().getCurrentResponse()</message>
  <nestedLevel>1</nestedLevel>
</record>
<record>
  <date>2018-12-12T10:30:29</date>
  <millis>1544590829409</millis>
  <sequence>17</sequence>
  <level>START</level>
  <class>com.kms.katalon.core.logging.XmlKeywordLogger</class>
  <method>startKeyword</method>
  <thread>1</thread>
  <message>Start action : verifyResponseStatusCode(response, 200)</message>
  <nestedLevel>1</nestedLevel>
  <property name="startLine">17</property>
  <property name="stepIndex">3</property>
</record>
<record>
  <date>2018-12-12T10:30:29</date>
  <millis>1544590829454</millis>
  <sequence>19</sequence>
  <level>PASSED</level>
  <class>com.kms.katalon.core.logging.XmlKeywordLogger</class>
  <method>logMessage</method>
  <thread>1</thread>
  <message>Verify response status code successfully</message>
  <nestedLevel>2</nestedLevel>
</record>
<record>
  <date>2018-12-12T10:30:29</date>
  <millis>1544590829471</millis>
  <sequence>20</sequence>
  <level>END</level>
  <class>com.kms.katalon.core.logging.XmlKeywordLogger</class>
  <method>endKeyword</method>
  <thread>1</thread>
  <message>End action : verifyResponseStatusCode(response, 200)</message>
  <nestedLevel>1</nestedLevel>
</record>
<record>
  <date>2018-12-12T10:30:29</date>
  <millis>1544590829474</millis>
  <sequence>21</sequence>
  <level>START</level>
  <class>com.kms.katalon.core.logging.XmlKeywordLogger</class>
  <method>startKeyword</method>
  <thread>1</thread>
  <message>Start action : getStatusCode()).isEqualTo(200)</message>
  <nestedLevel>1</nestedLevel>
  <property name="startLine">19</property>
  <property name="stepIndex">4</property>
</record>
<record>
  <date>2018-12-12T10:30:29</date>
  <millis>1544590829826</millis>
  <sequence>22</sequence>
  <level>END</level>
  <class>com.kms.katalon.core.logging.XmlKeywordLogger</class>
  <method>endKeyword</method>
  <thread>1</thread>
  <message>End action : getStatusCode()).isEqualTo(200)</message>
  <nestedLevel>1</nestedLevel>
</record>
<record>
  <date>2018-12-12T10:30:29</date>
  <millis>1544590829826</millis>
  <sequence>23</sequence>
  <level>START</level>
  <class>com.kms.katalon.core.logging.XmlKeywordLogger</class>
  <method>startKeyword</method>
  <thread>1</thread>
  <message>Start action : getResponseText()).contains(\&amp;quot;AddResult\&amp;quot;)</message>
  <nestedLevel>1</nestedLevel>
  <property name="startLine">22</property>
  <property name="stepIndex">5</property>
</record>
<record>
  <date>2018-12-12T10:30:29</date>
  <millis>1544590829898</millis>
  <sequence>24</sequence>
  <level>END</level>
  <class>com.kms.katalon.core.logging.XmlKeywordLogger</class>
  <method>endKeyword</method>
  <thread>1</thread>
  <message>End action : getResponseText()).contains(\&amp;quot;AddResult\&amp;quot;)</message>
  <nestedLevel>1</nestedLevel>
</record>
<record>
  <date>2018-12-12T10:30:29</date>
  <millis>1544590829912</millis>
  <sequence>25</sequence>
  <level>PASSED</level>
  <class>com.kms.katalon.core.logging.XmlKeywordLogger</class>
  <method>logMessage</method>
  <thread>1</thread>
  <message>Verification accomplished successfully</message>
  <nestedLevel>2</nestedLevel>
</record>
<record>
  <date>2018-12-12T10:30:29</date>
  <millis>1544590829914</millis>
  <sequence>26</sequence>
  <level>END</level>
  <class>com.kms.katalon.core.logging.XmlKeywordLogger</class>
  <method>endTest</method>
  <thread>1</thread>
  <message>End Test Case : Verification</message>
  <nestedLevel>1</nestedLevel>
</record>
<record>
  <date>2018-12-12T10:30:29</date>
  <millis>1544590829943</millis>
  <sequence>27</sequence>
  <level>PASSED</level>
  <class>com.kms.katalon.core.logging.XmlKeywordLogger</class>
  <method>logMessage</method>
  <thread>1</thread>
  <message>Verify response successfully</message>
  <nestedLevel>1</nestedLevel>
</record>
<record>
  <date>2018-12-12T10:30:29</date>
  <millis>1544590829943</millis>
  <sequence>28</sequence>
  <level>PASSED</level>
  <class>com.kms.katalon.core.logging.XmlKeywordLogger</class>
  <method>logMessage</method>
  <thread>1</thread>
  <message>Send request and verify the response successfully</message>
  <nestedLevel>1</nestedLevel>
</record>
<record>
  <date>2018-12-12T10:30:29</date>
  <millis>1544590829965</millis>
  <sequence>29</sequence>
  <level>END</level>
  <class>com.kms.katalon.core.logging.XmlKeywordLogger</class>
  <method>endKeyword</method>
  <thread>1</thread>
  <message>End action : response = sendRequestAndVerify(findTestObject(\&amp;quot;Calculator_WebService/Addition\&amp;quot;))</message>
  <nestedLevel>1</nestedLevel>
</record>
<record>
  <date>2018-12-12T10:30:29</date>
  <millis>1544590829966</millis>
  <sequence>30</sequence>
  <level>START</level>
  <class>com.kms.katalon.core.logging.XmlKeywordLogger</class>
  <method>startKeyword</method>
  <thread>1</thread>
  <message>Start action : verifyElementPropertyValue(response, \&amp;quot;AddResponse.AddResult\&amp;quot;, 6)</message>
  <nestedLevel>1</nestedLevel>
  <property name="startLine">18</property>
  <property name="stepIndex">2</property>
</record>
<record>
  <date>2018-12-12T10:30:30</date>
  <millis>1544590830784</millis>
  <sequence>32</sequence>
  <level>PASSED</level>
  <class>com.kms.katalon.core.logging.XmlKeywordLogger</class>
  <method>logMessage</method>
  <thread>1</thread>
  <message>Verify element property value successfully</message>
  <nestedLevel>1</nestedLevel>
</record>
<record>
  <date>2018-12-12T10:30:30</date>
  <millis>1544590830787</millis>
  <sequence>33</sequence>
  <level>END</level>
  <class>com.kms.katalon.core.logging.XmlKeywordLogger</class>
  <method>endKeyword</method>
  <thread>1</thread>
  <message>End action : verifyElementPropertyValue(response, \&amp;quot;AddResponse.AddResult\&amp;quot;, 6)</message>
  <nestedLevel>1</nestedLevel>
</record>
<record>
  <date>2018-12-12T10:30:30</date>
  <millis>1544590830793</millis>
  <sequence>34</sequence>
  <level>PASSED</level>
  <class>com.kms.katalon.core.logging.XmlKeywordLogger</class>
  <method>logMessage</method>
  <thread>1</thread>
  <message>Test Cases/Calculator_Test/Addition</message>
  <nestedLevel>1</nestedLevel>
</record>
<record>
  <date>2018-12-12T10:30:30</date>
  <millis>1544590830801</millis>
  <sequence>35</sequence>
  <level>END</level>
  <class>com.kms.katalon.core.logging.XmlKeywordLogger</class>
  <method>endTest</method>
  <thread>1</thread>
  <message>End Test Case : Test Cases/Calculator_Test/Addition</message>
  <nestedLevel>0</nestedLevel>
</record>
<record>
  <date>2018-12-12T10:30:30</date>
  <millis>1544590830904</millis>
  <sequence>36</sequence>
  <level>START</level>
  <class>com.kms.katalon.core.logging.XmlKeywordLogger</class>
  <method>startTest</method>
  <thread>1</thread>
  <message>Start Test Case : Test Cases/Calculator_Test/Divide</message>
  <nestedLevel>1</nestedLevel>
  <property name="name">Test Cases/Calculator_Test/Divide</property>
  <property name="description"></property>
  <property name="id">Test Cases/Calculator_Test/Divide</property>
  <property name="source">C:\\Users\\kuldeepr\\Desktop\\Code\\Sample_API_Demo\\sample_demo\\Test Cases\\Calculator_Test\\Divide.tc</property>
  <property name="isOptional">false</property>
</record>
<record>
  <date>2018-12-12T10:30:31</date>
  <millis>1544590831510</millis>
  <sequence>38</sequence>
  <level>START</level>
  <class>com.kms.katalon.core.logging.XmlKeywordLogger</class>
  <method>startKeyword</method>
  <thread>1</thread>
  <message>Start action : sendRequest(findTestObject(\&amp;quot;Calculator_WebService/Divide\&amp;quot;))</message>
  <nestedLevel>1</nestedLevel>
  <property name="startLine">16</property>
  <property name="stepIndex">1</property>
</record>
<record>
  <date>2018-12-12T10:30:36</date>
  <millis>1544590836930</millis>
  <sequence>42</sequence>
  <level>INFO</level>
  <class>com.kms.katalon.core.logging.XmlKeywordLogger</class>
  <method>logMessage</method>
  <thread>1</thread>
  <message>HAR: C:\\Users\\kuldeepr\\Desktop\\Code\\Sample_API_Demo\\sample_demo\\Reports\\UserRestServices\\Calculator\\20181212_103016\\requests\\main\\0.har</message>
  <nestedLevel>1</nestedLevel>
  <property name="harId">81f08d51-cacf-49da-98b2-bc3b7305074c</property>
</record>
<record>
  <date>2018-12-12T10:30:37</date>
  <millis>1544590837089</millis>
  <sequence>43</sequence>
  <level>PASSED</level>
  <class>com.kms.katalon.core.logging.XmlKeywordLogger</class>
  <method>logMessage</method>
  <thread>1</thread>
  <message>Send request successfully</message>
  <nestedLevel>1</nestedLevel>
</record>
<record>
  <date>2018-12-12T10:30:37</date>
  <millis>1544590837090</millis>
  <sequence>44</sequence>
  <level>END</level>
  <class>com.kms.katalon.core.logging.XmlKeywordLogger</class>
  <method>endKeyword</method>
  <thread>1</thread>
  <message>End action : sendRequest(findTestObject(\&amp;quot;Calculator_WebService/Divide\&amp;quot;))</message>
  <nestedLevel>1</nestedLevel>
</record>
<record>
  <date>2018-12-12T10:30:37</date>
  <millis>1544590837090</millis>
  <sequence>45</sequence>
  <level>PASSED</level>
  <class>com.kms.katalon.core.logging.XmlKeywordLogger</class>
  <method>logMessage</method>
  <thread>1</thread>
  <message>Test Cases/Calculator_Test/Divide</message>
  <nestedLevel>1</nestedLevel>
</record>
<record>
  <date>2018-12-12T10:30:37</date>
  <millis>1544590837093</millis>
  <sequence>46</sequence>
  <level>END</level>
  <class>com.kms.katalon.core.logging.XmlKeywordLogger</class>
  <method>endTest</method>
  <thread>1</thread>
  <message>End Test Case : Test Cases/Calculator_Test/Divide</message>
  <nestedLevel>0</nestedLevel>
</record>
<record>
  <date>2018-12-12T10:30:37</date>
  <millis>1544590837098</millis>
  <sequence>47</sequence>
  <level>START</level>
  <class>com.kms.katalon.core.logging.XmlKeywordLogger</class>
  <method>startTest</method>
  <thread>1</thread>
  <message>Start Test Case : Test Cases/Calculator_Test/Mulitple</message>
  <nestedLevel>1</nestedLevel>
  <property name="name">Test Cases/Calculator_Test/Mulitple</property>
  <property name="description"></property>
  <property name="id">Test Cases/Calculator_Test/Mulitple</property>
  <property name="source">C:\\Users\\kuldeepr\\Desktop\\Code\\Sample_API_Demo\\sample_demo\\Test Cases\\Calculator_Test\\Mulitple.tc</property>
  <property name="isOptional">false</property>
</record>
<record>
  <date>2018-12-12T10:30:37</date>
  <millis>1544590837474</millis>
  <sequence>49</sequence>
  <level>START</level>
  <class>com.kms.katalon.core.logging.XmlKeywordLogger</class>
  <method>startKeyword</method>
  <thread>1</thread>
  <message>Start action : sendRequest(findTestObject(\&amp;quot;Calculator_WebService/Mulitply\&amp;quot;))</message>
  <nestedLevel>1</nestedLevel>
  <property name="startLine">16</property>
  <property name="stepIndex">1</property>
</record>
<record>
  <date>2018-12-12T10:30:43</date>
  <millis>1544590843754</millis>
  <sequence>53</sequence>
  <level>INFO</level>
  <class>com.kms.katalon.core.logging.XmlKeywordLogger</class>
  <method>logMessage</method>
  <thread>1</thread>
  <message>HAR: C:\\Users\\kuldeepr\\Desktop\\Code\\Sample_API_Demo\\sample_demo\\Reports\\UserRestServices\\Calculator\\20181212_103016\\requests\\main\\1.har</message>
  <nestedLevel>1</nestedLevel>
  <property name="harId">c8cb648d-696c-4082-9cb5-2ffee3d1e71c</property>
</record>
<record>
  <date>2018-12-12T10:30:43</date>
  <millis>1544590843777</millis>
  <sequence>54</sequence>
  <level>PASSED</level>
  <class>com.kms.katalon.core.logging.XmlKeywordLogger</class>
  <method>logMessage</method>
  <thread>1</thread>
  <message>Send request successfully</message>
  <nestedLevel>1</nestedLevel>
</record>
<record>
  <date>2018-12-12T10:30:43</date>
  <millis>1544590843777</millis>
  <sequence>55</sequence>
  <level>END</level>
  <class>com.kms.katalon.core.logging.XmlKeywordLogger</class>
  <method>endKeyword</method>
  <thread>1</thread>
  <message>End action : sendRequest(findTestObject(\&amp;quot;Calculator_WebService/Mulitply\&amp;quot;))</message>
  <nestedLevel>1</nestedLevel>
</record>
<record>
  <date>2018-12-12T10:30:43</date>
  <millis>1544590843778</millis>
  <sequence>56</sequence>
  <level>PASSED</level>
  <class>com.kms.katalon.core.logging.XmlKeywordLogger</class>
  <method>logMessage</method>
  <thread>1</thread>
  <message>Test Cases/Calculator_Test/Mulitple</message>
  <nestedLevel>1</nestedLevel>
</record>
<record>
  <date>2018-12-12T10:30:43</date>
  <millis>1544590843779</millis>
  <sequence>57</sequence>
  <level>END</level>
  <class>com.kms.katalon.core.logging.XmlKeywordLogger</class>
  <method>endTest</method>
  <thread>1</thread>
  <message>End Test Case : Test Cases/Calculator_Test/Mulitple</message>
  <nestedLevel>0</nestedLevel>
</record>
<record>
  <date>2018-12-12T10:30:43</date>
  <millis>1544590843786</millis>
  <sequence>58</sequence>
  <level>START</level>
  <class>com.kms.katalon.core.logging.XmlKeywordLogger</class>
  <method>startTest</method>
  <thread>1</thread>
  <message>Start Test Case : Test Cases/Calculator_Test/Substract</message>
  <nestedLevel>1</nestedLevel>
  <property name="name">Test Cases/Calculator_Test/Substract</property>
  <property name="description"></property>
  <property name="id">Test Cases/Calculator_Test/Substract</property>
  <property name="source">C:\\Users\\kuldeepr\\Desktop\\Code\\Sample_API_Demo\\sample_demo\\Test Cases\\Calculator_Test\\Substract.tc</property>
  <property name="isOptional">false</property>
</record>
<record>
  <date>2018-12-12T10:30:44</date>
  <millis>1544590844077</millis>
  <sequence>60</sequence>
  <level>START</level>
  <class>com.kms.katalon.core.logging.XmlKeywordLogger</class>
  <method>startKeyword</method>
  <thread>1</thread>
  <message>Start action : sendRequest(findTestObject(\&amp;quot;Calculator_WebService/Substract\&amp;quot;))</message>
  <nestedLevel>1</nestedLevel>
  <property name="startLine">16</property>
  <property name="stepIndex">1</property>
</record>
<record>
  <date>2018-12-12T10:30:47</date>
  <millis>1544590847313</millis>
  <sequence>64</sequence>
  <level>INFO</level>
  <class>com.kms.katalon.core.logging.XmlKeywordLogger</class>
  <method>logMessage</method>
  <thread>1</thread>
  <message>HAR: C:\\Users\\kuldeepr\\Desktop\\Code\\Sample_API_Demo\\sample_demo\\Reports\\UserRestServices\\Calculator\\20181212_103016\\requests\\main\\2.har</message>
  <nestedLevel>1</nestedLevel>
  <property name="harId">e4a6ae66-0292-4e13-803e-c0ae826517be</property>
</record>
<record>
  <date>2018-12-12T10:30:47</date>
  <millis>1544590847320</millis>
  <sequence>65</sequence>
  <level>PASSED</level>
  <class>com.kms.katalon.core.logging.XmlKeywordLogger</class>
  <method>logMessage</method>
  <thread>1</thread>
  <message>Send request successfully</message>
  <nestedLevel>1</nestedLevel>
</record>
<record>
  <date>2018-12-12T10:30:47</date>
  <millis>1544590847321</millis>
  <sequence>66</sequence>
  <level>END</level>
  <class>com.kms.katalon.core.logging.XmlKeywordLogger</class>
  <method>endKeyword</method>
  <thread>1</thread>
  <message>End action : sendRequest(findTestObject(\&amp;quot;Calculator_WebService/Substract\&amp;quot;))</message>
  <nestedLevel>1</nestedLevel>
</record>
<record>
  <date>2018-12-12T10:30:47</date>
  <millis>1544590847321</millis>
  <sequence>67</sequence>
  <level>PASSED</level>
  <class>com.kms.katalon.core.logging.XmlKeywordLogger</class>
  <method>logMessage</method>
  <thread>1</thread>
  <message>Test Cases/Calculator_Test/Substract</message>
  <nestedLevel>1</nestedLevel>
</record>
<record>
  <date>2018-12-12T10:30:47</date>
  <millis>1544590847323</millis>
  <sequence>68</sequence>
  <level>END</level>
  <class>com.kms.katalon.core.logging.XmlKeywordLogger</class>
  <method>endTest</method>
  <thread>1</thread>
  <message>End Test Case : Test Cases/Calculator_Test/Substract</message>
  <nestedLevel>0</nestedLevel>
</record>
<record>
  <date>2018-12-12T10:30:47</date>
  <millis>1544590847446</millis>
  <sequence>69</sequence>
  <level>END</level>
  <class>com.kms.katalon.core.logging.XmlKeywordLogger</class>
  <method>endSuite</method>
  <thread>1</thread>
  <message>End Test Suite : Test Suites/UserRestServices/Calculator</message>
  <nestedLevel>0</nestedLevel>
</record>
</log>